[2014-12-16 16:33:23]数据库类已初始化
[2014-12-16 16:33:23]数据库类已初始化

[2014-12-16 16:33:25]
[2014-12-16 16:33:25]缓存基类已初始化
[2014-12-16 16:33:25]缓存基类已初始化
[2014-12-16 20:55:53]缓存基类已初始化
[2014-12-16 20:55:53]缓存基类已初始化
[2014-12-16 21:01:42]缓存基类已初始化
[2014-12-16 21:01:42]缓存基类已初始化
[2014-12-16 21:02:59]缓存基类已初始化
[2014-12-16 21:02:59]缓存基类已初始化
[2014-12-16 21:03:01]缓存基类已初始化
[2014-12-16 21:03:01]缓存基类已初始化
[2014-12-16 21:03:03]缓存基类已初始化
[2014-12-16 21:03:03]缓存基类已初始化
[2014-12-16 21:03:34]缓存基类已初始化
[2014-12-16 21:03:34]缓存基类已初始化
[2014-12-16 21:04:29]缓存基类已初始化
[2014-12-16 21:04:29]缓存基类已初始化
[2014-12-16 21:04:29]出错文件名:D:\projects\framework\drivers\cache\memcache\driver.php===错误行:第54行===错误信息:向memcached中添加缓存数据失败,可能是已存在相同的数据键名
[2014-12-16 21:05:01]缓存基类已初始化
[2014-12-16 21:05:01]缓存基类已初始化
[2014-12-16 21:05:01]出错文件名:D:\projects\framework\drivers\cache\memcache\driver.php===错误行:第54行===错误信息:向memcached中添加缓存数据失败,可能是已存在相同的数据键名
[2014-12-16 21:05:26]缓存基类已初始化
[2014-12-16 21:05:26]缓存基类已初始化
[2014-12-16 21:05:26]出错文件名:D:\projects\framework\drivers\cache\memcache\driver.php===错误行:第55行===错误信息:向memcached中添加缓存数据失败,可能已存在相同的数据键名
[2014-12-16 21:05:44]缓存基类已初始化
[2014-12-16 21:05:44]缓存基类已初始化
[2014-12-16 21:05:44]出错文件名:D:\projects\framework\drivers\cache\memcache\driver.php===错误行:第55行===错误信息:向memcached中添加缓存数据失败,可能已存在相同的数据键名
[2014-12-16 21:05:47]缓存基类已初始化
[2014-12-16 21:05:47]缓存基类已初始化
[2014-12-16 21:05:47]出错文件名:D:\projects\framework\drivers\cache\memcache\driver.php===错误行:第55行===错误信息:向memcached中添加缓存数据失败,可能已存在相同的数据键名
[2014-12-16 21:05:58]缓存基类已初始化
[2014-12-16 21:05:58]缓存基类已初始化
[2014-12-16 23:38:40]缓存基类已初始化
[2014-12-16 23:38:40]缓存基类已初始化
[2014-12-16 23:40:04]缓存基类已初始化
[2014-12-16 23:40:04]缓存基类已初始化
[2014-12-16 23:40:20]缓存基类已初始化
[2014-12-16 23:40:20]缓存基类已初始化
[2014-12-16 23:41:11]缓存基类已初始化
[2014-12-16 23:41:11]缓存基类已初始化
[2014-12-16 23:41:39]缓存基类已初始化
[2014-12-16 23:41:39]缓存基类已初始化
[2014-12-16 23:41:58]缓存基类已初始化
[2014-12-16 23:41:58]缓存基类已初始化
[2014-12-16 23:42:29]缓存基类已初始化
[2014-12-16 23:42:29]缓存基类已初始化
[2014-12-16 23:42:46]缓存基类已初始化
[2014-12-16 23:42:46]缓存基类已初始化
[2014-12-16 23:43:48]缓存基类已初始化
[2014-12-16 23:43:48]缓存基类已初始化
[2014-12-16 23:44:30]缓存基类已初始化
[2014-12-16 23:44:30]缓存基类已初始化
[2014-12-16 23:44:53]缓存基类已初始化
[2014-12-16 23:44:53]缓存基类已初始化
[2014-12-16 23:45:03]缓存基类已初始化
[2014-12-16 23:45:03]缓存基类已初始化
[2014-12-16 23:45:46]缓存基类已初始化
[2014-12-16 23:45:46]缓存基类已初始化
[2014-12-16 23:46:34]缓存基类已初始化
[2014-12-16 23:46:34]缓存基类已初始化
[2014-12-16 23:47:56]缓存基类已初始化
[2014-12-16 23:47:56]缓存基类已初始化
[2014-12-16 23:51:42]缓存基类已初始化
[2014-12-16 23:51:42]缓存基类已初始化
[2014-12-16 23:52:53]缓存基类已初始化
[2014-12-16 23:52:53]缓存基类已初始化
[2014-12-16 23:56:59]缓存基类已初始化
[2014-12-16 23:56:59]缓存基类已初始化
[2014-12-16 23:58:13]缓存基类已初始化
[2014-12-16 23:58:13]缓存基类已初始化
[2014-12-16 23:58:38]缓存基类已初始化
[2014-12-16 23:58:38]缓存基类已初始化
[2014-12-16 23:59:31]缓存基类已初始化
[2014-12-16 23:59:31]缓存基类已初始化
[2014-12-16 23:59:59]缓存基类已初始化
[2014-12-16 23:59:59]缓存基类已初始化
