[2014-12-15 00:02:20]数据库类已初始化
[2014-12-15 00:02:20]数据库类已初始化

[2014-12-15 00:02:20]缓存基类已初始化
[2014-12-15 00:02:20]缓存基类已初始化
[2014-12-15 00:02:41]数据库类已初始化

[2014-12-15 00:02:41]数据库类已初始化

[2014-12-15 00:02:41]缓存基类已初始化
[2014-12-15 00:02:41]缓存基类已初始化
[2014-12-15 00:05:04]数据库类已初始化

[2014-12-15 00:05:05]数据库类已初始化

[2014-12-15 00:05:05]缓存基类已初始化
[2014-12-15 00:05:05]缓存基类已初始化
[2014-12-15 00:08:38]数据库类已初始化

[2014-12-15 00:08:38]数据库类已初始化

[2014-12-15 00:08:38]缓存基类已初始化
[2014-12-15 00:08:38]缓存基类已初始化
[2014-12-15 00:08:58]数据库类已初始化

[2014-12-15 00:08:58]数据库类已初始化

[2014-12-15 00:08:58]缓存基类已初始化
[2014-12-15 00:08:58]缓存基类已初始化
[2014-12-15 00:09:09]数据库类已初始化

[2014-12-15 00:09:09]数据库类已初始化

[2014-12-15 00:09:09]缓存基类已初始化
[2014-12-15 00:09:09]缓存基类已初始化
[2014-12-15 00:12:39]数据库类已初始化

[2014-12-15 00:12:39]数据库类已初始化

[2014-12-15 00:12:39]缓存基类已初始化
[2014-12-15 00:12:39]缓存基类已初始化
[2014-12-15 00:12:39]向memcached中添加缓存数据失败,已经存在相同的数据键名
[2014-12-15 00:12:42]数据库类已初始化

[2014-12-15 00:12:42]数据库类已初始化

[2014-12-15 00:12:42]缓存基类已初始化
[2014-12-15 00:12:42]缓存基类已初始化
[2014-12-15 00:12:42]向memcached中添加缓存数据失败,已经存在相同的数据键名
[2014-12-15 00:20:38]数据库类已初始化

[2014-12-15 00:20:38]数据库类已初始化

[2014-12-15 00:20:38]缓存基类已初始化
[2014-12-15 00:20:38]缓存基类已初始化
[2014-12-15 00:20:38]出错文件名:D:\projects\framework\drivers\cache\memcache\driver.php/错误行:第54行/错误信息:向memcached中添加缓存数据失败,已经存在相同的数据键名
[2014-12-15 00:27:20]数据库类已初始化

[2014-12-15 00:27:20]数据库类已初始化

[2014-12-15 00:27:20]缓存基类已初始化
[2014-12-15 00:27:20]缓存基类已初始化
[2014-12-15 00:27:27]数据库类已初始化

[2014-12-15 00:27:27]数据库类已初始化

[2014-12-15 00:27:27]缓存基类已初始化
[2014-12-15 00:27:27]缓存基类已初始化
[2014-12-15 00:27:27]出错文件名:D:\projects\framework\drivers\cache\memcache\driver.php===错误行:第54行===错误信息:向memcached中添加缓存数据失败,已经存在相同的数据键名
