[2014-12-09 10:53:29]数据库类已初始化
[2014-12-09 10:53:29]数据库类已初始化

[2014-12-09 10:53:29]缓存基类已初始化
[2014-12-09 10:53:29]缓存系统配置不正确
[2014-12-09 10:53:35]数据库类已初始化

[2014-12-09 10:53:35]数据库类已初始化

[2014-12-09 10:53:35]缓存基类已初始化
[2014-12-09 10:53:35]缓存系统配置不正确
[2014-12-09 10:53:48]数据库类已初始化

[2014-12-09 10:53:48]数据库类已初始化

[2014-12-09 10:53:48]缓存基类已初始化
[2014-12-09 10:53:48]缓存系统配置不正确
[2014-12-09 10:53:58]数据库类已初始化

[2014-12-09 10:53:58]数据库类已初始化

[2014-12-09 10:53:58]缓存基类已初始化
[2014-12-09 10:53:58]缓存系统配置不正确
[2014-12-09 10:54:54]数据库类已初始化

[2014-12-09 10:54:54]数据库类已初始化

[2014-12-09 10:54:54]缓存基类已初始化
[2014-12-09 10:54:54]缓存系统配置不正确
[2014-12-09 10:55:38]数据库类已初始化

[2014-12-09 10:55:38]数据库类已初始化

[2014-12-09 10:55:38]缓存基类已初始化
[2014-12-09 10:55:38]缓存服务器的地址配置不正确
[2014-12-09 10:56:12]数据库类已初始化

[2014-12-09 10:56:12]数据库类已初始化

[2014-12-09 10:56:12]缓存基类已初始化
[2014-12-09 10:56:12]缓存服务器的地址配置不正确
[2014-12-09 10:56:52]数据库类已初始化

[2014-12-09 10:56:52]数据库类已初始化

[2014-12-09 10:56:52]缓存基类已初始化
[2014-12-09 10:57:14]数据库类已初始化

[2014-12-09 10:57:14]数据库类已初始化

[2014-12-09 10:57:14]缓存基类已初始化
[2014-12-09 10:57:28]数据库类已初始化

[2014-12-09 10:57:28]数据库类已初始化

[2014-12-09 10:57:28]缓存基类已初始化
[2014-12-09 10:57:40]数据库类已初始化

[2014-12-09 10:57:40]数据库类已初始化

[2014-12-09 10:57:40]缓存基类已初始化
[2014-12-09 10:57:46]数据库类已初始化

[2014-12-09 10:57:46]数据库类已初始化

[2014-12-09 10:57:46]缓存基类已初始化
[2014-12-09 10:58:25]数据库类已初始化

[2014-12-09 10:58:25]数据库类已初始化

[2014-12-09 10:58:25]缓存基类已初始化
[2014-12-09 10:58:47]数据库类已初始化

[2014-12-09 10:58:47]数据库类已初始化

[2014-12-09 10:58:47]缓存基类已初始化
[2014-12-09 10:58:56]数据库类已初始化

[2014-12-09 10:58:56]数据库类已初始化

[2014-12-09 10:58:56]缓存基类已初始化
[2014-12-09 11:02:34]数据库类已初始化

[2014-12-09 11:02:34]数据库类已初始化

[2014-12-09 11:02:34]缓存基类已初始化
[2014-12-09 11:05:11]数据库类已初始化

[2014-12-09 11:05:11]数据库类已初始化

[2014-12-09 11:05:11]缓存基类已初始化
[2014-12-09 11:23:26]数据库类已初始化

[2014-12-09 11:23:26]缓存基类已初始化
[2014-12-09 11:23:54]数据库类已初始化

[2014-12-09 11:23:54]数据库类已初始化

[2014-12-09 11:23:54]缓存基类已初始化
[2014-12-09 11:24:38]数据库类已初始化

[2014-12-09 11:24:38]数据库类已初始化

[2014-12-09 11:24:38]缓存基类已初始化
[2014-12-09 11:24:38]缓存基类已初始化
[2014-12-09 11:32:18]数据库类已初始化

[2014-12-09 11:32:18]数据库类已初始化

[2014-12-09 11:32:18]缓存基类已初始化
[2014-12-09 11:32:18]缓存基类已初始化
[2014-12-09 11:34:09]数据库类已初始化

[2014-12-09 11:34:09]数据库类已初始化

[2014-12-09 11:34:09]缓存基类已初始化
[2014-12-09 11:34:09]缓存基类已初始化
[2014-12-09 11:39:55]数据库类已初始化

[2014-12-09 11:39:55]数据库类已初始化

[2014-12-09 11:39:55]缓存基类已初始化
[2014-12-09 11:39:55]缓存基类已初始化
[2014-12-09 11:39:59]数据库类已初始化

[2014-12-09 11:39:59]数据库类已初始化

[2014-12-09 11:39:59]缓存基类已初始化
[2014-12-09 11:39:59]缓存基类已初始化
[2014-12-09 11:41:13]数据库类已初始化

[2014-12-09 11:41:13]数据库类已初始化

[2014-12-09 11:41:13]缓存基类已初始化
[2014-12-09 11:41:13]缓存基类已初始化
[2014-12-09 11:42:23]数据库类已初始化

[2014-12-09 11:42:23]数据库类已初始化

[2014-12-09 11:42:23]缓存基类已初始化
[2014-12-09 11:42:23]缓存基类已初始化
[2014-12-09 11:42:54]数据库类已初始化

[2014-12-09 11:42:54]数据库类已初始化

[2014-12-09 11:42:54]缓存基类已初始化
[2014-12-09 11:42:54]缓存基类已初始化
[2014-12-09 11:42:55]数据库类已初始化

[2014-12-09 11:42:55]数据库类已初始化

[2014-12-09 11:42:55]缓存基类已初始化
[2014-12-09 11:42:55]缓存基类已初始化
[2014-12-09 11:42:57]数据库类已初始化

[2014-12-09 11:42:57]数据库类已初始化

[2014-12-09 11:42:57]缓存基类已初始化
[2014-12-09 11:42:57]缓存基类已初始化
[2014-12-09 11:42:57]数据库类已初始化

[2014-12-09 11:42:57]数据库类已初始化

[2014-12-09 11:42:57]缓存基类已初始化
[2014-12-09 11:42:57]缓存基类已初始化
[2014-12-09 11:43:07]数据库类已初始化

[2014-12-09 11:43:07]数据库类已初始化

[2014-12-09 11:43:07]缓存基类已初始化
[2014-12-09 11:43:07]缓存基类已初始化
[2014-12-09 11:43:08]数据库类已初始化

[2014-12-09 11:43:08]数据库类已初始化

[2014-12-09 11:43:08]缓存基类已初始化
[2014-12-09 11:43:08]缓存基类已初始化
[2014-12-09 11:54:42]数据库类已初始化

[2014-12-09 11:54:42]数据库类已初始化

[2014-12-09 11:54:42]缓存基类已初始化
[2014-12-09 11:54:42]缓存基类已初始化
[2014-12-09 11:56:02]数据库类已初始化

[2014-12-09 11:56:02]数据库类已初始化

[2014-12-09 11:56:02]缓存基类已初始化
[2014-12-09 11:56:02]缓存基类已初始化
[2014-12-09 11:56:48]数据库类已初始化

[2014-12-09 11:56:48]数据库类已初始化

[2014-12-09 11:56:48]缓存基类已初始化
[2014-12-09 11:56:48]缓存基类已初始化
[2014-12-09 11:58:00]数据库类已初始化

[2014-12-09 11:58:00]数据库类已初始化

[2014-12-09 11:58:00]缓存基类已初始化
[2014-12-09 11:58:00]缓存基类已初始化
[2014-12-09 11:58:27]数据库类已初始化

[2014-12-09 11:58:27]数据库类已初始化

[2014-12-09 11:58:27]缓存基类已初始化
[2014-12-09 11:58:27]缓存基类已初始化
[2014-12-09 11:58:49]数据库类已初始化

[2014-12-09 11:58:49]数据库类已初始化

[2014-12-09 11:58:49]缓存基类已初始化
[2014-12-09 11:58:49]缓存基类已初始化
[2014-12-09 11:59:22]数据库类已初始化

[2014-12-09 11:59:22]数据库类已初始化

[2014-12-09 11:59:22]缓存基类已初始化
[2014-12-09 11:59:22]缓存基类已初始化
[2014-12-09 12:05:56]数据库类已初始化

[2014-12-09 12:05:56]数据库类已初始化

[2014-12-09 12:05:57]缓存基类已初始化
[2014-12-09 12:05:57]缓存基类已初始化
[2014-12-09 12:06:28]数据库类已初始化

[2014-12-09 12:06:28]数据库类已初始化

[2014-12-09 12:06:28]缓存基类已初始化
[2014-12-09 12:06:28]缓存基类已初始化
[2014-12-09 12:07:53]数据库类已初始化

[2014-12-09 12:07:53]数据库类已初始化

[2014-12-09 12:07:53]缓存基类已初始化
[2014-12-09 12:07:53]缓存基类已初始化
[2014-12-09 12:08:07]数据库类已初始化

[2014-12-09 12:08:07]数据库类已初始化

[2014-12-09 12:08:07]缓存基类已初始化
[2014-12-09 12:08:07]缓存基类已初始化
[2014-12-09 12:08:18]数据库类已初始化

[2014-12-09 12:08:18]数据库类已初始化

[2014-12-09 12:08:18]缓存基类已初始化
[2014-12-09 12:08:18]缓存基类已初始化
[2014-12-09 12:08:42]数据库类已初始化

[2014-12-09 12:08:42]数据库类已初始化

[2014-12-09 12:08:42]缓存基类已初始化
[2014-12-09 12:08:42]缓存基类已初始化
[2014-12-09 12:30:33]数据库类已初始化

[2014-12-09 12:30:33]数据库类已初始化

[2014-12-09 12:30:33]缓存基类已初始化
[2014-12-09 12:30:33]缓存基类已初始化
[2014-12-09 12:31:14]数据库类已初始化

[2014-12-09 12:31:14]数据库类已初始化

[2014-12-09 12:31:14]缓存基类已初始化
[2014-12-09 12:31:14]缓存基类已初始化
[2014-12-09 15:13:16]数据库类已初始化

[2014-12-09 15:13:16]数据库类已初始化

[2014-12-09 15:13:16]缓存基类已初始化
[2014-12-09 15:13:16]缓存基类已初始化
[2014-12-09 15:13:59]数据库类已初始化

[2014-12-09 15:13:59]数据库类已初始化

[2014-12-09 15:14:00]缓存基类已初始化
[2014-12-09 15:14:00]缓存基类已初始化
[2014-12-09 15:14:01]数据库类已初始化

[2014-12-09 15:14:01]数据库类已初始化

[2014-12-09 15:14:01]缓存基类已初始化
[2014-12-09 15:14:01]缓存基类已初始化
[2014-12-09 15:14:06]数据库类已初始化

[2014-12-09 15:14:06]数据库类已初始化

[2014-12-09 15:14:06]缓存基类已初始化
[2014-12-09 15:14:06]缓存基类已初始化
[2014-12-09 15:14:46]数据库类已初始化

[2014-12-09 15:14:46]数据库类已初始化

[2014-12-09 15:14:46]缓存基类已初始化
[2014-12-09 15:14:46]缓存基类已初始化
[2014-12-09 15:14:47]数据库类已初始化

[2014-12-09 15:14:47]数据库类已初始化

[2014-12-09 15:14:47]缓存基类已初始化
[2014-12-09 15:14:47]缓存基类已初始化
[2014-12-09 15:14:48]数据库类已初始化

[2014-12-09 15:14:48]数据库类已初始化

[2014-12-09 15:14:48]缓存基类已初始化
[2014-12-09 15:14:48]缓存基类已初始化
[2014-12-09 15:14:48]数据库类已初始化

[2014-12-09 15:14:48]数据库类已初始化

[2014-12-09 15:14:48]缓存基类已初始化
[2014-12-09 15:14:48]缓存基类已初始化
[2014-12-09 15:14:49]数据库类已初始化

[2014-12-09 15:14:49]数据库类已初始化

[2014-12-09 15:14:49]缓存基类已初始化
[2014-12-09 15:14:49]缓存基类已初始化
[2014-12-09 15:14:50]数据库类已初始化

[2014-12-09 15:14:50]数据库类已初始化

[2014-12-09 15:14:50]缓存基类已初始化
[2014-12-09 15:14:50]缓存基类已初始化
[2014-12-09 15:14:57]数据库类已初始化

[2014-12-09 15:14:57]数据库类已初始化

[2014-12-09 15:14:57]缓存基类已初始化
[2014-12-09 15:14:57]缓存基类已初始化
[2014-12-09 15:14:57]数据库类已初始化

[2014-12-09 15:14:57]数据库类已初始化

[2014-12-09 15:14:57]缓存基类已初始化
[2014-12-09 15:14:57]缓存基类已初始化
[2014-12-09 15:14:58]数据库类已初始化

[2014-12-09 15:14:58]数据库类已初始化

[2014-12-09 15:14:58]缓存基类已初始化
[2014-12-09 15:14:58]缓存基类已初始化
[2014-12-09 15:14:58]数据库类已初始化

[2014-12-09 15:14:58]数据库类已初始化

[2014-12-09 15:14:58]缓存基类已初始化
[2014-12-09 15:14:58]缓存基类已初始化
[2014-12-09 15:14:58]数据库类已初始化

[2014-12-09 15:14:58]数据库类已初始化

[2014-12-09 15:14:58]缓存基类已初始化
[2014-12-09 15:14:58]缓存基类已初始化
[2014-12-09 15:14:58]数据库类已初始化

[2014-12-09 15:14:58]数据库类已初始化

[2014-12-09 15:14:58]缓存基类已初始化
[2014-12-09 15:14:58]缓存基类已初始化
[2014-12-09 15:14:58]数据库类已初始化

[2014-12-09 15:14:58]数据库类已初始化

[2014-12-09 15:14:58]缓存基类已初始化
[2014-12-09 15:14:58]缓存基类已初始化
[2014-12-09 15:16:46]数据库类已初始化

[2014-12-09 15:16:46]数据库类已初始化

[2014-12-09 15:16:46]缓存基类已初始化
[2014-12-09 15:16:46]缓存基类已初始化
[2014-12-09 15:16:48]数据库类已初始化

[2014-12-09 15:16:48]数据库类已初始化

[2014-12-09 15:16:48]缓存基类已初始化
[2014-12-09 15:16:48]缓存基类已初始化
[2014-12-09 15:16:48]数据库类已初始化

[2014-12-09 15:16:48]数据库类已初始化

[2014-12-09 15:16:48]缓存基类已初始化
[2014-12-09 15:16:48]缓存基类已初始化
[2014-12-09 15:16:49]数据库类已初始化

[2014-12-09 15:16:49]数据库类已初始化

[2014-12-09 15:16:49]缓存基类已初始化
[2014-12-09 15:16:49]缓存基类已初始化
[2014-12-09 15:17:32]数据库类已初始化

[2014-12-09 15:17:32]数据库类已初始化

[2014-12-09 15:17:32]缓存基类已初始化
[2014-12-09 15:17:32]缓存基类已初始化
[2014-12-09 15:17:32]数据库类已初始化

[2014-12-09 15:17:32]数据库类已初始化

[2014-12-09 15:17:32]缓存基类已初始化
[2014-12-09 15:17:32]缓存基类已初始化
[2014-12-09 15:17:33]数据库类已初始化

[2014-12-09 15:17:33]数据库类已初始化

[2014-12-09 15:17:33]缓存基类已初始化
[2014-12-09 15:17:33]缓存基类已初始化
[2014-12-09 15:17:38]数据库类已初始化

[2014-12-09 15:17:38]数据库类已初始化

[2014-12-09 15:17:38]缓存基类已初始化
[2014-12-09 15:17:38]缓存基类已初始化
[2014-12-09 15:18:28]数据库类已初始化

[2014-12-09 15:18:28]数据库类已初始化

[2014-12-09 15:18:28]缓存基类已初始化
[2014-12-09 15:18:28]缓存基类已初始化
[2014-12-09 15:20:55]数据库类已初始化

[2014-12-09 15:20:55]数据库类已初始化

[2014-12-09 15:20:55]缓存基类已初始化
[2014-12-09 15:20:55]缓存基类已初始化
[2014-12-09 15:21:54]数据库类已初始化

[2014-12-09 15:21:54]数据库类已初始化

[2014-12-09 15:21:54]缓存基类已初始化
[2014-12-09 15:21:54]缓存基类已初始化
[2014-12-09 15:21:55]数据库类已初始化

[2014-12-09 15:21:55]数据库类已初始化

[2014-12-09 15:21:55]缓存基类已初始化
[2014-12-09 15:21:55]缓存基类已初始化
[2014-12-09 15:24:42]数据库类已初始化

[2014-12-09 15:24:43]数据库类已初始化

[2014-12-09 15:24:43]缓存基类已初始化
[2014-12-09 15:24:43]缓存基类已初始化
[2014-12-09 15:26:05]数据库类已初始化

[2014-12-09 15:26:05]数据库类已初始化

[2014-12-09 15:26:05]缓存基类已初始化
[2014-12-09 15:26:05]缓存基类已初始化
[2014-12-09 15:26:49]数据库类已初始化

[2014-12-09 15:26:49]数据库类已初始化

[2014-12-09 15:26:50]缓存基类已初始化
[2014-12-09 15:26:50]缓存基类已初始化
[2014-12-09 15:26:51]数据库类已初始化

[2014-12-09 15:26:51]数据库类已初始化

[2014-12-09 15:26:51]缓存基类已初始化
[2014-12-09 15:26:51]缓存基类已初始化
[2014-12-09 15:27:08]数据库类已初始化

[2014-12-09 15:27:08]数据库类已初始化

[2014-12-09 15:27:08]缓存基类已初始化
[2014-12-09 15:27:08]缓存基类已初始化
[2014-12-09 15:27:34]数据库类已初始化

[2014-12-09 15:27:34]数据库类已初始化

[2014-12-09 15:27:34]缓存基类已初始化
[2014-12-09 15:27:34]缓存基类已初始化
[2014-12-09 15:33:43]数据库类已初始化

[2014-12-09 15:33:43]数据库类已初始化

[2014-12-09 15:33:43]缓存基类已初始化
[2014-12-09 15:33:43]缓存基类已初始化
[2014-12-09 15:56:11]数据库类已初始化

[2014-12-09 15:56:11]数据库类已初始化

[2014-12-09 15:56:11]缓存基类已初始化
[2014-12-09 15:56:11]缓存基类已初始化
[2014-12-09 15:56:31]数据库类已初始化

[2014-12-09 15:56:31]数据库类已初始化

[2014-12-09 15:56:31]缓存基类已初始化
[2014-12-09 15:56:31]缓存基类已初始化
[2014-12-09 15:57:03]数据库类已初始化

[2014-12-09 15:57:03]数据库类已初始化

[2014-12-09 15:57:03]缓存基类已初始化
[2014-12-09 15:57:03]缓存基类已初始化
[2014-12-09 15:57:05]数据库类已初始化

[2014-12-09 15:57:05]数据库类已初始化

[2014-12-09 15:57:05]缓存基类已初始化
[2014-12-09 15:57:05]缓存基类已初始化
[2014-12-09 15:57:35]数据库类已初始化

[2014-12-09 15:57:36]数据库类已初始化

[2014-12-09 15:57:36]缓存基类已初始化
[2014-12-09 15:57:36]缓存基类已初始化
[2014-12-09 15:58:38]数据库类已初始化

[2014-12-09 15:58:38]数据库类已初始化

[2014-12-09 15:58:38]缓存基类已初始化
[2014-12-09 15:58:38]缓存基类已初始化
[2014-12-09 15:58:40]数据库类已初始化

[2014-12-09 15:58:40]数据库类已初始化

[2014-12-09 15:58:40]缓存基类已初始化
[2014-12-09 15:58:40]缓存基类已初始化
[2014-12-09 15:59:00]鏁版嵁搴撶被宸插垵濮嬪寲

[2014-12-09 15:59:00]鏁版嵁搴撶被宸插垵濮嬪寲

[2014-12-09 15:59:00]缂撳瓨鍩虹被宸插垵濮嬪寲
[2014-12-09 15:59:00]缂撳瓨鍩虹被宸插垵濮嬪寲
㉛㄰ⴴ㈱〭‹㔱㔺㨹㔱낕跦鎺뇧늷裥讧賥ખ਍㉛㄰ⴴ㈱〭‹㔱㔺㨹㔱낕跦鎺뇧늷裥讧賥ખ਍㉛㄰ⴴ㈱〭‹㔱㔺㨹㔱鎼귥몟뇧늷裥讧賥ඖ嬊〲㐱ㄭⴲ㤰ㄠ㨵㤵ㄺ崵볧颭鿥뮱럥鶈꟥隌਍㉛㄰ⴴ㈱〭‹㔱㔺㨹㘱낕跦鎺뇧늷裥讧賥ખ਍㉛㄰ⴴ㈱〭‹㔱㔺㨹㘱낕跦鎺뇧늷裥讧賥ખ਍㉛㄰ⴴ㈱〭‹㔱㔺㨹㘱鎼귥몟뇧늷裥讧賥ඖ嬊〲㐱ㄭⴲ㤰ㄠ㨵㤵ㄺ崶볧颭鿥뮱럥鶈꟥隌਍㉛㄰ⴴ㈱〭‹㔱㔺㨹㤲낕跦鎺뇧늷裥讧賥ખ਍㉛㄰ⴴ㈱〭‹㔱㔺㨹㤲낕跦鎺뇧늷裥讧賥ખ਍㉛㄰ⴴ㈱〭‹㔱㔺㨹㤲鎼귥몟뇧늷裥讧賥ඖ嬊〲㐱ㄭⴲ㤰ㄠ㨵㤵㈺崹볧颭鿥뮱럥鶈꟥隌਍㉛㄰ⴴ㈱〭‹㔱㔺㨹㐴낕跦鎺뇧늷裥讧賥ખ਍㉛㄰ⴴ㈱〭‹㔱㔺㨹㐴낕跦鎺뇧늷裥讧賥ખ਍㉛㄰ⴴ㈱〭‹㔱㔺㨹㐴鎼귥몟뇧늷裥讧賥ඖ嬊〲㐱ㄭⴲ㤰ㄠ㨵㤵㐺崴볧颭鿥뮱럥鶈꟥隌਍㉛㄰ⴴ㈱〭‹㔱㔺㨹㔴낕跦鎺뇧늷裥讧賥ખ਍㉛㄰ⴴ㈱〭‹㔱㔺㨹㔴낕跦鎺뇧늷裥讧賥ખ਍㉛㄰ⴴ㈱〭‹㔱㔺㨹㔴鎼귥몟뇧늷裥讧賥ඖ嬊〲㐱ㄭⴲ㤰ㄠ㨵㤵㐺崵볧颭鿥뮱럥鶈꟥隌਍㉛㄰ⴴ㈱〭‹㔱㔺㨹㌵낕跦鎺뇧늷裥讧賥ખ਍㉛㄰ⴴ㈱〭‹㔱㔺㨹㌵낕跦鎺뇧늷裥讧賥ખ਍㉛㄰ⴴ㈱〭‹㔱㔺㨹㌵鎼귥몟뇧늷裥讧賥ඖ嬊〲㐱ㄭⴲ㤰ㄠ㨵㤵㔺崳볧颭鿥뮱럥鶈꟥隌਍㉛㄰ⴴ㈱〭‹㔱㔺㨹㐵낕跦鎺뇧늷裥讧賥ખ਍㉛㄰ⴴ㈱〭‹㔱㔺㨹㐵낕跦鎺뇧늷裥讧賥ખ਍㉛㄰ⴴ㈱〭‹㔱㔺㨹㐵鎼귥몟뇧늷裥讧賥ඖ嬊〲㐱ㄭⴲ㤰ㄠ㨵㤵㔺崴볧颭鿥뮱럥鶈꟥隌਍㉛㄰ⴴ㈱〭‹㘱〺㨰㐱낕跦鎺뇧늷裥讧賥ખ਍㉛㄰ⴴ㈱〭‹㘱〺㨰㐱낕跦鎺뇧늷裥讧賥ખ਍㉛㄰ⴴ㈱〭‹㘱〺㨰㐱鎼귥몟뇧늷裥讧賥ඖ嬊〲㐱ㄭⴲ㤰ㄠ㨶〰ㄺ崴볧颭鿥뮱럥鶈꟥隌਍[2014-12-09 16:00:29]数据库类已初始化

[2014-12-09 16:00:29]数据库类已初始化

[2014-12-09 16:00:29]缓存基类已初始化
[2014-12-09 16:00:29]缓存基类已初始化
[2014-12-09 16:00:39]数据库类已初始化

[2014-12-09 16:00:39]数据库类已初始化

[2014-12-09 16:00:39]缓存基类已初始化
[2014-12-09 16:00:39]缓存基类已初始化
[2014-12-09 17:22:14]数据库类已初始化

[2014-12-09 17:22:14]数据库类已初始化

[2014-12-09 17:22:14]缓存基类已初始化
[2014-12-09 17:22:14]缓存基类已初始化
[2014-12-09 17:24:42]数据库类已初始化

[2014-12-09 17:24:42]数据库类已初始化

[2014-12-09 17:24:42]缓存基类已初始化
[2014-12-09 17:24:42]缓存基类已初始化
[2014-12-09 17:25:24]数据库类已初始化

[2014-12-09 17:25:24]数据库类已初始化

[2014-12-09 17:25:24]缓存基类已初始化
[2014-12-09 17:25:24]缓存基类已初始化
[2014-12-09 17:27:28]数据库类已初始化

[2014-12-09 17:27:28]数据库类已初始化

[2014-12-09 17:27:28]缓存基类已初始化
[2014-12-09 17:27:28]缓存基类已初始化
[2014-12-09 17:28:24]数据库类已初始化

[2014-12-09 17:28:24]数据库类已初始化

[2014-12-09 17:28:24]缓存基类已初始化
[2014-12-09 17:28:24]缓存基类已初始化
[2014-12-09 17:28:27]数据库类已初始化

[2014-12-09 17:28:27]数据库类已初始化

[2014-12-09 17:28:27]缓存基类已初始化
[2014-12-09 17:28:27]缓存基类已初始化
